[     954ms] [WARNING] Uncompiled message detected! Message:

> 1oqxe6

That means you use raw catalog or your catalog doesn't have a translation for the message and fallback was used.
ICU features such as interpolation and plurals will not work properly for that message. 

Please compile your catalog first. 
 @ https://app.fusegtm.com/assets/index-BGNJDq6n.js:138
[    1008ms] [WARNING] Uncompiled message detected! Message:

> cgevMo

That means you use raw catalog or your catalog doesn't have a translation for the message and fallback was used.
ICU features such as interpolation and plurals will not work properly for that message. 

Please compile your catalog first. 
 @ https://app.fusegtm.com/assets/index-BGNJDq6n.js:138
[    1009ms] [WARNING] Uncompiled message detected! Message:

> PnMGfO

That means you use raw catalog or your catalog doesn't have a translation for the message and fallback was used.
ICU features such as interpolation and plurals will not work properly for that message. 

Please compile your catalog first. 
 @ https://app.fusegtm.com/assets/index-BGNJDq6n.js:138
[   21899ms] ApolloError: Incorrect login method
    at new t (https://app.fusegtm.com/assets/index-BGNJDq6n.js:197:152)
    at https://app.fusegtm.com/assets/index-BGNJDq6n.js:201:68945
    at d (https://app.fusegtm.com/assets/index-BGNJDq6n.js:196:8521)
    at https://app.fusegtm.com/assets/index-BGNJDq6n.js:196:8436
    at new Promise (<anonymous>)
    at Object.then (https://app.fusegtm.com/assets/index-BGNJDq6n.js:196:8403)
    at Object.next (https://app.fusegtm.com/assets/index-BGNJDq6n.js:196:8531)
    at l2t (https://app.fusegtm.com/assets/index-BGNJDq6n.js:196:1936)
    at uhe (https://app.fusegtm.com/assets/index-BGNJDq6n.js:196:2351)
    at t.next (https://app.fusegtm.com/assets/index-BGNJDq6n.js:196:2875)
