Total messages: 4 (Errors: 0, Warnings: 3)
Returning 3 messages for level "warning"

[WARNING] Uncompiled message detected! Message:

> 1oqxe6

That means you use raw catalog or your catalog doesn't have a translation for the message and fallback was used.
ICU features such as interpolation and plurals will not work properly for that message. 

Please compile your catalog first. 
 @ https://fusegtm.fusegtm.com/assets/index-BGNJDq6n.js:138
[WARNING] Uncompiled message detected! Message:

> cgevMo

That means you use raw catalog or your catalog doesn't have a translation for the message and fallback was used.
ICU features such as interpolation and plurals will not work properly for that message. 

Please compile your catalog first. 
 @ https://fusegtm.fusegtm.com/assets/index-BGNJDq6n.js:138
[WARNING] Uncompiled message detected! Message:

> PnMGfO

That means you use raw catalog or your catalog doesn't have a translation for the message and fallback was used.
ICU features such as interpolation and plurals will not work properly for that message. 

Please compile your catalog first. 
 @ https://fusegtm.fusegtm.com/assets/index-BGNJDq6n.js:138