[    2058ms] [WARNING] Uncompiled message detected! Message:

> 1oqxe6

That means you use raw catalog or your catalog doesn't have a translation for the message and fallback was used.
ICU features such as interpolation and plurals will not work properly for that message. 

Please compile your catalog first. 
 @ https://app.fusegtm.com/assets/index-BGNJDq6n.js:138
[    2191ms] [WARNING] Uncompiled message detected! Message:

> cgevMo

That means you use raw catalog or your catalog doesn't have a translation for the message and fallback was used.
ICU features such as interpolation and plurals will not work properly for that message. 

Please compile your catalog first. 
 @ https://app.fusegtm.com/assets/index-BGNJDq6n.js:138
[    2193ms] [WARNING] Uncompiled message detected! Message:

> PnMGfO

That means you use raw catalog or your catalog doesn't have a translation for the message and fallback was used.
ICU features such as interpolation and plurals will not work properly for that message. 

Please compile your catalog first. 
 @ https://app.fusegtm.com/assets/index-BGNJDq6n.js:138
[   29459ms] [WARNING] Uncompiled message detected! Message:

> 1oqxe6

That means you use raw catalog or your catalog doesn't have a translation for the message and fallback was used.
ICU features such as interpolation and plurals will not work properly for that message. 

Please compile your catalog first. 
 @ https://fusegtm.fusegtm.com/assets/index-BGNJDq6n.js:138
[   29562ms] [WARNING] Uncompiled message detected! Message:

> cgevMo

That means you use raw catalog or your catalog doesn't have a translation for the message and fallback was used.
ICU features such as interpolation and plurals will not work properly for that message. 

Please compile your catalog first. 
 @ https://fusegtm.fusegtm.com/assets/index-BGNJDq6n.js:138
[   29564ms] [WARNING] Uncompiled message detected! Message:

> PnMGfO

That means you use raw catalog or your catalog doesn't have a translation for the message and fallback was used.
ICU features such as interpolation and plurals will not work properly for that message. 

Please compile your catalog first. 
 @ https://fusegtm.fusegtm.com/assets/index-BGNJDq6n.js:138
[   32068ms] [WARNING] Uncompiled message detected! Message:

> Open command menu

That means you use raw catalog or your catalog doesn't have a translation for the message and fallback was used.
ICU features such as interpolation and plurals will not work properly for that message. 

Please compile your catalog first. 
 @ https://fusegtm.fusegtm.com/assets/index-BGNJDq6n.js:138
[   32141ms] [WARNING] Uncompiled message detected! Message:

> Open command menu

That means you use raw catalog or your catalog doesn't have a translation for the message and fallback was used.
ICU features such as interpolation and plurals will not work properly for that message. 

Please compile your catalog first. 
 @ https://fusegtm.fusegtm.com/assets/index-BGNJDq6n.js:138
[   32758ms] [WARNING] An error occurred! For more details, see the full error text at https://go.apollo.dev/c/err#%7B%22version%22%3A%223.13.8%22%2C%22message%22%3A15%2C%22args%22%3A%5B%22companies%22%2C%22Query%22%2C%22either%20ensure%20all%20objects%20of%20type%20CompanyConnection%20have%20an%20ID%20or%20a%20custom%20merge%20function%2C%20or%20%22%2C%22Query.companies%22%2C%22%7B%5Cn%20%20%5C%22__typename%5C%22%3A%20%5C%22CompanyConnection%5C%22%2C%5Cn%20%20%5C%22totalCount%5C%22%3A%205%5Cn%7D%22%2C%22%7B%5Cn%20%20%5C%22__typename%5C%22%3A%20%5C%22CompanyConnection%5C%22%2C%5Cn%20%20%5C%22maxEmployees%5C%22%3A%208000%5Cn%7D%22%5D%7D @ https://fusegtm.fusegtm.com/assets/index-BGNJDq6n.js:146
