[    2267ms] [WARNING] Uncompiled message detected! Message:

> 1oqxe6

That means you use raw catalog or your catalog doesn't have a translation for the message and fallback was used.
ICU features such as interpolation and plurals will not work properly for that message. 

Please compile your catalog first. 
 @ https://fusegtm.fusegtm.com/assets/index-BGNJDq6n.js:138
[    2441ms] [WARNING] Uncompiled message detected! Message:

> cgevMo

That means you use raw catalog or your catalog doesn't have a translation for the message and fallback was used.
ICU features such as interpolation and plurals will not work properly for that message. 

Please compile your catalog first. 
 @ https://fusegtm.fusegtm.com/assets/index-BGNJDq6n.js:138
[    2444ms] [WARNING] Uncompiled message detected! Message:

> PnMGfO

That means you use raw catalog or your catalog doesn't have a translation for the message and fallback was used.
ICU features such as interpolation and plurals will not work properly for that message. 

Please compile your catalog first. 
 @ https://fusegtm.fusegtm.com/assets/index-BGNJDq6n.js:138
[ 3998863ms] [WARNING] Uncompiled message detected! Message:

> Open command menu

That means you use raw catalog or your catalog doesn't have a translation for the message and fallback was used.
ICU features such as interpolation and plurals will not work properly for that message. 

Please compile your catalog first. 
 @ https://fusegtm.fusegtm.com/assets/index-BGNJDq6n.js:138
[ 3999009ms] [WARNING] Uncompiled message detected! Message:

> Open command menu

That means you use raw catalog or your catalog doesn't have a translation for the message and fallback was used.
ICU features such as interpolation and plurals will not work properly for that message. 

Please compile your catalog first. 
 @ https://fusegtm.fusegtm.com/assets/index-BGNJDq6n.js:138
[ 4000298ms] [WARNING] An error occurred! For more details, see the full error text at https://go.apollo.dev/c/err#%7B%22version%22%3A%223.13.8%22%2C%22message%22%3A15%2C%22args%22%3A%5B%22companies%22%2C%22Query%22%2C%22either%20ensure%20all%20objects%20of%20type%20CompanyConnection%20have%20an%20ID%20or%20a%20custom%20merge%20function%2C%20or%20%22%2C%22Query.companies%22%2C%22%7B%5Cn%20%20%5C%22__typename%5C%22%3A%20%5C%22CompanyConnection%5C%22%2C%5Cn%20%20%5C%22totalCount%5C%22%3A%205%5Cn%7D%22%2C%22%7B%5Cn%20%20%5C%22__typename%5C%22%3A%20%5C%22CompanyConnection%5C%22%2C%5Cn%20%20%5C%22percentageEmptyLinkedinLink%5C%22%3A%201%5Cn%7D%22%5D%7D @ https://fusegtm.fusegtm.com/assets/index-BGNJDq6n.js:146
[ 4009969ms] [WARNING] Uncompiled message detected! Message:

> Open command menu

That means you use raw catalog or your catalog doesn't have a translation for the message and fallback was used.
ICU features such as interpolation and plurals will not work properly for that message. 

Please compile your catalog first. 
 @ https://fusegtm.fusegtm.com/assets/index-BGNJDq6n.js:138
[ 4010003ms] [WARNING] Uncompiled message detected! Message:

> Open command menu

That means you use raw catalog or your catalog doesn't have a translation for the message and fallback was used.
ICU features such as interpolation and plurals will not work properly for that message. 

Please compile your catalog first. 
 @ https://fusegtm.fusegtm.com/assets/index-BGNJDq6n.js:138
[ 4010277ms] [WARNING] An error occurred! For more details, see the full error text at https://go.apollo.dev/c/err#%7B%22version%22%3A%223.13.8%22%2C%22message%22%3A15%2C%22args%22%3A%5B%22opportunities%22%2C%22Query%22%2C%22either%20ensure%20all%20objects%20of%20type%20OpportunityConnection%20have%20an%20ID%20or%20a%20custom%20merge%20function%2C%20or%20%22%2C%22Query.opportunities%22%2C%22%7B%5Cn%20%20%5C%22__typename%5C%22%3A%20%5C%22OpportunityConnection%5C%22%2C%5Cn%20%20%5C%22totalCount%5C%22%3A%206%5Cn%7D%22%2C%22%7B%5Cn%20%20%5C%22__typename%5C%22%3A%20%5C%22OpportunityConnection%5C%22%2C%5Cn%20%20%5C%22avgAmountAmountMicros%5C%22%3A%2060000000000%5Cn%7D%22%5D%7D @ https://fusegtm.fusegtm.com/assets/index-BGNJDq6n.js:146
[ 4010971ms] [WARNING] Uncompiled message detected! Message:

> Open command menu

That means you use raw catalog or your catalog doesn't have a translation for the message and fallback was used.
ICU features such as interpolation and plurals will not work properly for that message. 

Please compile your catalog first. 
 @ https://fusegtm.fusegtm.com/assets/index-BGNJDq6n.js:138
[ 4011014ms] [WARNING] Uncompiled message detected! Message:

> Open command menu

That means you use raw catalog or your catalog doesn't have a translation for the message and fallback was used.
ICU features such as interpolation and plurals will not work properly for that message. 

Please compile your catalog first. 
 @ https://fusegtm.fusegtm.com/assets/index-BGNJDq6n.js:138
[ 4011319ms] [WARNING] An error occurred! For more details, see the full error text at https://go.apollo.dev/c/err#%7B%22version%22%3A%223.13.8%22%2C%22message%22%3A15%2C%22args%22%3A%5B%22people%22%2C%22Query%22%2C%22either%20ensure%20all%20objects%20of%20type%20PersonConnection%20have%20an%20ID%20or%20a%20custom%20merge%20function%2C%20or%20%22%2C%22Query.people%22%2C%22%7B%5Cn%20%20%5C%22__typename%5C%22%3A%20%5C%22PersonConnection%5C%22%2C%5Cn%20%20%5C%22totalCount%5C%22%3A%205%5Cn%7D%22%2C%22%7B%5Cn%20%20%5C%22__typename%5C%22%3A%20%5C%22PersonConnection%5C%22%2C%5Cn%20%20%5C%22countUniqueValuesEmails%5C%22%3A%205%5Cn%7D%22%5D%7D @ https://fusegtm.fusegtm.com/assets/index-BGNJDq6n.js:146
[ 4012738ms] [WARNING] Uncompiled message detected! Message:

> Open command menu

That means you use raw catalog or your catalog doesn't have a translation for the message and fallback was used.
ICU features such as interpolation and plurals will not work properly for that message. 

Please compile your catalog first. 
 @ https://fusegtm.fusegtm.com/assets/index-BGNJDq6n.js:138
[ 4014090ms] [WARNING] Uncompiled message detected! Message:

> Close command menu

That means you use raw catalog or your catalog doesn't have a translation for the message and fallback was used.
ICU features such as interpolation and plurals will not work properly for that message. 

Please compile your catalog first. 
 @ https://fusegtm.fusegtm.com/assets/index-BGNJDq6n.js:138
[ 4014191ms] [WARNING] Uncompiled message detected! Message:

> Close command menu

That means you use raw catalog or your catalog doesn't have a translation for the message and fallback was used.
ICU features such as interpolation and plurals will not work properly for that message. 

Please compile your catalog first. 
 @ https://fusegtm.fusegtm.com/assets/index-BGNJDq6n.js:138
[ 4022399ms] [WARNING] Uncompiled message detected! Message:

> Open command menu

That means you use raw catalog or your catalog doesn't have a translation for the message and fallback was used.
ICU features such as interpolation and plurals will not work properly for that message. 

Please compile your catalog first. 
 @ https://fusegtm.fusegtm.com/assets/index-BGNJDq6n.js:138
[ 4022564ms] [WARNING] Uncompiled message detected! Message:

> Open command menu

That means you use raw catalog or your catalog doesn't have a translation for the message and fallback was used.
ICU features such as interpolation and plurals will not work properly for that message. 

Please compile your catalog first. 
 @ https://fusegtm.fusegtm.com/assets/index-BGNJDq6n.js:138
[ 4023952ms] [WARNING] Uncompiled message detected! Message:

> Open command menu

That means you use raw catalog or your catalog doesn't have a translation for the message and fallback was used.
ICU features such as interpolation and plurals will not work properly for that message. 

Please compile your catalog first. 
 @ https://fusegtm.fusegtm.com/assets/index-BGNJDq6n.js:138
[ 4023975ms] [WARNING] Uncompiled message detected! Message:

> Open command menu

That means you use raw catalog or your catalog doesn't have a translation for the message and fallback was used.
ICU features such as interpolation and plurals will not work properly for that message. 

Please compile your catalog first. 
 @ https://fusegtm.fusegtm.com/assets/index-BGNJDq6n.js:138
[ 4116521ms] [WARNING] Uncompiled message detected! Message:

> Open command menu

That means you use raw catalog or your catalog doesn't have a translation for the message and fallback was used.
ICU features such as interpolation and plurals will not work properly for that message. 

Please compile your catalog first. 
 @ https://fusegtm.fusegtm.com/assets/index-BGNJDq6n.js:138
[ 4116827ms] [WARNING] Uncompiled message detected! Message:

> Open command menu

That means you use raw catalog or your catalog doesn't have a translation for the message and fallback was used.
ICU features such as interpolation and plurals will not work properly for that message. 

Please compile your catalog first. 
 @ https://fusegtm.fusegtm.com/assets/index-BGNJDq6n.js:138
[ 4117287ms] [WARNING] Uncompiled message detected! Message:

> Open command menu

That means you use raw catalog or your catalog doesn't have a translation for the message and fallback was used.
ICU features such as interpolation and plurals will not work properly for that message. 

Please compile your catalog first. 
 @ https://fusegtm.fusegtm.com/assets/index-BGNJDq6n.js:138
[ 4117432ms] [WARNING] Uncompiled message detected! Message:

> Open command menu

That means you use raw catalog or your catalog doesn't have a translation for the message and fallback was used.
ICU features such as interpolation and plurals will not work properly for that message. 

Please compile your catalog first. 
 @ https://fusegtm.fusegtm.com/assets/index-BGNJDq6n.js:138
[ 4118473ms] [WARNING] Uncompiled message detected! Message:

> Open command menu

That means you use raw catalog or your catalog doesn't have a translation for the message and fallback was used.
ICU features such as interpolation and plurals will not work properly for that message. 

Please compile your catalog first. 
 @ https://fusegtm.fusegtm.com/assets/index-BGNJDq6n.js:138
[ 4118625ms] [WARNING] Uncompiled message detected! Message:

> Open command menu

That means you use raw catalog or your catalog doesn't have a translation for the message and fallback was used.
ICU features such as interpolation and plurals will not work properly for that message. 

Please compile your catalog first. 
 @ https://fusegtm.fusegtm.com/assets/index-BGNJDq6n.js:138
[ 4120176ms] [WARNING] Uncompiled message detected! Message:

> Open command menu

That means you use raw catalog or your catalog doesn't have a translation for the message and fallback was used.
ICU features such as interpolation and plurals will not work properly for that message. 

Please compile your catalog first. 
 @ https://fusegtm.fusegtm.com/assets/index-BGNJDq6n.js:138
[ 4120350ms] [WARNING] Uncompiled message detected! Message:

> Open command menu

That means you use raw catalog or your catalog doesn't have a translation for the message and fallback was used.
ICU features such as interpolation and plurals will not work properly for that message. 

Please compile your catalog first. 
 @ https://fusegtm.fusegtm.com/assets/index-BGNJDq6n.js:138
[ 4121059ms] [WARNING] Uncompiled message detected! Message:

> Open command menu

That means you use raw catalog or your catalog doesn't have a translation for the message and fallback was used.
ICU features such as interpolation and plurals will not work properly for that message. 

Please compile your catalog first. 
 @ https://fusegtm.fusegtm.com/assets/index-BGNJDq6n.js:138
[ 4121108ms] [WARNING] Uncompiled message detected! Message:

> Open command menu

That means you use raw catalog or your catalog doesn't have a translation for the message and fallback was used.
ICU features such as interpolation and plurals will not work properly for that message. 

Please compile your catalog first. 
 @ https://fusegtm.fusegtm.com/assets/index-BGNJDq6n.js:138
